[INFO ] 2024-04-25 01:03:47.370 [main] ReportManager - 
[0;7m------------------------------------------------------------------------------------------------------------------------------------------------
                                                    Powered by [1mSHAFT v.7.4.20231211[22m                                                    
------------------------------------------------------------------------------------------------------------------------------------------------
[0m
[INFO ] 2024-04-25 01:03:47.398 [main] ReportManager - Checking for engine updates...
[DEBUG] 2024-04-25 01:03:48.701 [main] BasicClientConnectionManager - Get connection for route {s}->https://api.github.com:443
[DEBUG] 2024-04-25 01:03:48.769 [main] DefaultClientConnectionOperator - Connecting to api.github.com:443
[DEBUG] 2024-04-25 01:03:49.266 [main] RequestAddCookies - CookieSpec selected: ignoreCookies
[DEBUG] 2024-04-25 01:03:49.266 [main] RequestAuthCache - Auth cache not set in the context
[DEBUG] 2024-04-25 01:03:49.266 [main] RequestTargetAuthentication - Target auth state: UNCHALLENGED
[DEBUG] 2024-04-25 01:03:49.266 [main] RequestProxyAuthentication - Proxy auth state: UNCHALLENGED
[DEBUG] 2024-04-25 01:03:49.266 [main] DefaultHttpClient - Attempt 1 to execute request
[DEBUG] 2024-04-25 01:03:49.266 [main] DefaultClientConnection - Sending request: GET /repos/ShaftHQ/SHAFT_ENGINE/releases/latest HTTP/1.1
[DEBUG] 2024-04-25 01:03:49.266 [main] wire -  >> "GET /repos/ShaftHQ/SHAFT_ENGINE/releases/latest HTTP/1.1[\r][\n]"
[DEBUG] 2024-04-25 01:03:49.266 [main] wire -  >> "Accept: */*[\r][\n]"
[DEBUG] 2024-04-25 01:03:49.266 [main] wire -  >> "Host: api.github.com[\r][\n]"
[DEBUG] 2024-04-25 01:03:49.266 [main] wire -  >> "Connection: Keep-Alive[\r][\n]"
[DEBUG] 2024-04-25 01:03:49.266 [main] wire -  >> "User-Agent: Apache-HttpClient/4.5.13 (Java/19.0.2)[\r][\n]"
[DEBUG] 2024-04-25 01:03:49.266 [main] wire -  >> "Accept-Encoding: gzip,deflate[\r][\n]"
[DEBUG] 2024-04-25 01:03:49.266 [main] wire -  >> "[\r][\n]"
[DEBUG] 2024-04-25 01:03:49.266 [main] headers - >> GET /repos/ShaftHQ/SHAFT_ENGINE/releases/latest HTTP/1.1
[DEBUG] 2024-04-25 01:03:49.266 [main] headers - >> Accept: */*
[DEBUG] 2024-04-25 01:03:49.266 [main] headers - >> Host: api.github.com
[DEBUG] 2024-04-25 01:03:49.266 [main] headers - >> Connection: Keep-Alive
[DEBUG] 2024-04-25 01:03:49.266 [main] headers - >> User-Agent: Apache-HttpClient/4.5.13 (Java/19.0.2)
[DEBUG] 2024-04-25 01:03:49.266 [main] headers - >> Accept-Encoding: gzip,deflate
[DEBUG] 2024-04-25 01:03:49.704 [main] wire -  << "HTTP/1.1 200 OK[\r][\n]"
[DEBUG] 2024-04-25 01:03:49.706 [main] wire -  << "Server: GitHub.com[\r][\n]"
[DEBUG] 2024-04-25 01:03:49.706 [main] wire -  << "Date: Wed, 24 Apr 2024 23:03:50 GMT[\r][\n]"
[DEBUG] 2024-04-25 01:03:49.706 [main] wire -  << "Content-Type: application/json; charset=utf-8[\r][\n]"
[DEBUG] 2024-04-25 01:03:49.706 [main] wire -  << "Cache-Control: public, max-age=60, s-maxage=60[\r][\n]"
[DEBUG] 2024-04-25 01:03:49.706 [main] wire -  << "Vary: Accept, Accept-Encoding, Accept, X-Requested-With[\r][\n]"
[DEBUG] 2024-04-25 01:03:49.706 [main] wire -  << "ETag: W/"eb81a86056557e148808d85149dd270fcf7bb270ab393ed3ad576696057fe6ff"[\r][\n]"
[DEBUG] 2024-04-25 01:03:49.706 [main] wire -  << "Last-Modified: Thu, 11 Apr 2024 15:11:51 GMT[\r][\n]"
[DEBUG] 2024-04-25 01:03:49.706 [main] wire -  << "X-GitHub-Media-Type: github.v3; format=json[\r][\n]"
[DEBUG] 2024-04-25 01:03:49.706 [main] wire -  << "x-github-api-version-selected: 2022-11-28[\r][\n]"
[DEBUG] 2024-04-25 01:03:49.706 [main] wire -  << "Access-Control-Expose-Headers: ETag, Link, Location, Retry-After, X-GitHub-OTP, X-RateLimit-Limit, X-RateLimit-Remaining, X-RateLimit-Used, X-RateLimit-Resource, X-RateLimit-Reset, X-OAuth-Scopes, X-Accepted-OAuth-Scopes, X-Poll-Interval, X-GitHub-Media-Type, X-GitHub-SSO, X-GitHub-Request-Id, Deprecation, Sunset[\r][\n]"
[DEBUG] 2024-04-25 01:03:49.706 [main] wire -  << "Access-Control-Allow-Origin: *[\r][\n]"
[DEBUG] 2024-04-25 01:03:49.706 [main] wire -  << "Strict-Transport-Security: max-age=31536000; includeSubdomains; preload[\r][\n]"
[DEBUG] 2024-04-25 01:03:49.706 [main] wire -  << "X-Frame-Options: deny[\r][\n]"
[DEBUG] 2024-04-25 01:03:49.706 [main] wire -  << "X-Content-Type-Options: nosniff[\r][\n]"
[DEBUG] 2024-04-25 01:03:49.706 [main] wire -  << "X-XSS-Protection: 0[\r][\n]"
[DEBUG] 2024-04-25 01:03:49.706 [main] wire -  << "Referrer-Policy: origin-when-cross-origin, strict-origin-when-cross-origin[\r][\n]"
[DEBUG] 2024-04-25 01:03:49.706 [main] wire -  << "Content-Security-Policy: default-src 'none'[\r][\n]"
[DEBUG] 2024-04-25 01:03:49.706 [main] wire -  << "Content-Encoding: gzip[\r][\n]"
[DEBUG] 2024-04-25 01:03:49.706 [main] wire -  << "X-RateLimit-Limit: 60[\r][\n]"
[DEBUG] 2024-04-25 01:03:49.706 [main] wire -  << "X-RateLimit-Remaining: 58[\r][\n]"
[DEBUG] 2024-04-25 01:03:49.706 [main] wire -  << "X-RateLimit-Reset: 1714000975[\r][\n]"
[DEBUG] 2024-04-25 01:03:49.706 [main] wire -  << "X-RateLimit-Resource: core[\r][\n]"
[DEBUG] 2024-04-25 01:03:49.706 [main] wire -  << "X-RateLimit-Used: 2[\r][\n]"
[DEBUG] 2024-04-25 01:03:49.706 [main] wire -  << "Accept-Ranges: bytes[\r][\n]"
[DEBUG] 2024-04-25 01:03:49.706 [main] wire -  << "Content-Length: 981[\r][\n]"
[DEBUG] 2024-04-25 01:03:49.706 [main] wire -  << "X-GitHub-Request-Id: FF35:0EB0:130352A:131AE55:66298FD6[\r][\n]"
[DEBUG] 2024-04-25 01:03:49.706 [main] wire -  << "[\r][\n]"
[DEBUG] 2024-04-25 01:03:49.706 [main] DefaultClientConnection - Receiving response: HTTP/1.1 200 OK
[DEBUG] 2024-04-25 01:03:49.706 [main] headers - << HTTP/1.1 200 OK
[DEBUG] 2024-04-25 01:03:49.706 [main] headers - << Server: GitHub.com
[DEBUG] 2024-04-25 01:03:49.706 [main] headers - << Date: Wed, 24 Apr 2024 23:03:50 GMT
[DEBUG] 2024-04-25 01:03:49.706 [main] headers - << Content-Type: application/json; charset=utf-8
[DEBUG] 2024-04-25 01:03:49.706 [main] headers - << Cache-Control: public, max-age=60, s-maxage=60
[DEBUG] 2024-04-25 01:03:49.706 [main] headers - << Vary: Accept, Accept-Encoding, Accept, X-Requested-With
[DEBUG] 2024-04-25 01:03:49.706 [main] headers - << ETag: W/"eb81a86056557e148808d85149dd270fcf7bb270ab393ed3ad576696057fe6ff"
[DEBUG] 2024-04-25 01:03:49.706 [main] headers - << Last-Modified: Thu, 11 Apr 2024 15:11:51 GMT
[DEBUG] 2024-04-25 01:03:49.706 [main] headers - << X-GitHub-Media-Type: github.v3; format=json
[DEBUG] 2024-04-25 01:03:49.706 [main] headers - << x-github-api-version-selected: 2022-11-28
[DEBUG] 2024-04-25 01:03:49.706 [main] headers - << Access-Control-Expose-Headers: ETag, Link, Location, Retry-After, X-GitHub-OTP, X-RateLimit-Limit, X-RateLimit-Remaining, X-RateLimit-Used, X-RateLimit-Resource, X-RateLimit-Reset, X-OAuth-Scopes, X-Accepted-OAuth-Scopes, X-Poll-Interval, X-GitHub-Media-Type, X-GitHub-SSO, X-GitHub-Request-Id, Deprecation, Sunset
[DEBUG] 2024-04-25 01:03:49.706 [main] headers - << Access-Control-Allow-Origin: *
[DEBUG] 2024-04-25 01:03:49.706 [main] headers - << Strict-Transport-Security: max-age=31536000; includeSubdomains; preload
[DEBUG] 2024-04-25 01:03:49.706 [main] headers - << X-Frame-Options: deny
[DEBUG] 2024-04-25 01:03:49.706 [main] headers - << X-Content-Type-Options: nosniff
[DEBUG] 2024-04-25 01:03:49.706 [main] headers - << X-XSS-Protection: 0
[DEBUG] 2024-04-25 01:03:49.706 [main] headers - << Referrer-Policy: origin-when-cross-origin, strict-origin-when-cross-origin
[DEBUG] 2024-04-25 01:03:49.706 [main] headers - << Content-Security-Policy: default-src 'none'
[DEBUG] 2024-04-25 01:03:49.706 [main] headers - << Content-Encoding: gzip
[DEBUG] 2024-04-25 01:03:49.706 [main] headers - << X-RateLimit-Limit: 60
[DEBUG] 2024-04-25 01:03:49.706 [main] headers - << X-RateLimit-Remaining: 58
[DEBUG] 2024-04-25 01:03:49.706 [main] headers - << X-RateLimit-Reset: 1714000975
[DEBUG] 2024-04-25 01:03:49.706 [main] headers - << X-RateLimit-Resource: core
[DEBUG] 2024-04-25 01:03:49.706 [main] headers - << X-RateLimit-Used: 2
[DEBUG] 2024-04-25 01:03:49.706 [main] headers - << Accept-Ranges: bytes
[DEBUG] 2024-04-25 01:03:49.706 [main] headers - << Content-Length: 981
[DEBUG] 2024-04-25 01:03:49.706 [main] headers - << X-GitHub-Request-Id: FF35:0EB0:130352A:131AE55:66298FD6
[DEBUG] 2024-04-25 01:03:49.706 [main] DefaultHttpClient - Connection can be kept alive indefinitely
[DEBUG] 2024-04-25 01:03:49.706 [main] RestAssuredHttpBuilder - Parsing response as: application/json; charset=utf-8
[DEBUG] 2024-04-25 01:03:49.706 [main] wire -  << "[0x1f][0x8b][0x8][0x0][0x0][0x0][0x0][0x0][0x0][0x3][0xad][0x96][0x8f]k[0xdb]8[0x14][0xc7][0xff][0x15][0xe3]1[0xe]B#[0xc7][0xce][0xcf][0x1a][0xc6][0xee][0xba][0xb4][[0xe1][0xda][0xb2][[0xd9][0xc1][0xed]F[0x90][0xed][0x17][[0x9b],i[0x92][0x9c]^[0x16][0xfa][0xbf][0xdf][0x93][0xed][0x86]"
[DEBUG] 2024-04-25 01:03:49.706 [main] wire -  << "[0xc4][0xdc][0xa5]c[0x9][0x81]Dv[0xa4][0xcf]{z?[0xbe][0xd2][0xc6][0xaf]4[0xf7]c[0xbf][0xb0]V[0x99]8[0x8][0xa8]b$g[0xb6][0xa8][0x12][0x92][0xca]2[0xd0][0xa0][0xa4][0x9]>[0x14]ti[0xdf][0xbd][0xf]>[0xbc][0xfb][0xed][0xea]~qy[0xfb][0xf6][0xfa][0xf6][0x12][0xff][0xe2]@[\r][0x98] [0x1c][0xf][0xa6][0xd3]Y[0x14]N[0xfd]3[0x9f][0x1a][0x3][0xd6],N[0xc7][0xc][0x1a]"[0xa2]+[0xc5]%[0xcd]:[0xe8][0xe6][0xa5][0xf9]i[0x97][[0xfc][0xe6][0xb5][0xa0]%[0x9c]q[0x9a][0x0]D[[0x85]-y[0xc7][0xd2]NP[0xe][0x87][0xc3][0xd2]<[0x98][0x91][0x88]D[0x83]h4[0x18][0x85]![0xe2]X[0xe6][0xc7][0xdb](a[0x90]*[H[0xed][0xc7][0x1b][0x9f][0xcb][0x9c][0x9][0x8c]~[0x3][0xef][0xd3][0xd4]2)[0xcc][0xa7]D[0xda][0xcf][0xed][0xb2]Q8;[0x9f]E[0xb3][0xe8][0xcc][0x17]2[0x83][0x85]#[0xf9]7[0xf3][0x9b][0xc9][0xfb][0xf2]|p;[0xbf][0x1c][0xdd][0xdd][0xe7][0xeb][0xbb][0xf9][0xf5]+[0x17][0xfb][0x15][0xb5]Twc_[0xbf]|[\n]"
[DEBUG] 2024-04-25 01:03:49.706 [main] wire -  << "Pe@[0xa7]RX[0x10][0xb6]N/[0x13][0x98][0xbd][0xe1]d[0xf6]z[0xf5]j[0x84][0x84]\[0xb7][0x8c][0xda][0x8c][0x8b][0xf9][0xa1][0xda]p0[0x13][0xec][0xbb][0xfe]r|[0x81][0xce][0xbf][0x1c][0xcf][0x9f][\r]"U[0xaa][0xbb][0x18][0xd7],%[0xe7][0xf2][0x1][0xb9][0xdd]m[0xec][0x97][0xe5]A[0xd3][0xc1][0x16][0xb2][0x5]2[0x91][0x1f][0xf]D[0xc8]&[0x90][0xb6][0x0][0x8c]1n[0xdd][0xd5]I[0xce][0xcc]s[0xd5]~[0xd8][0xd5][0x1a][0xb0][0xc1] [0x1a][0x8b][0xb9]uH[0x83][0xe9][0xd2][0xd0][0xad][0xf3]N[[0x1e][0x86][0xb6][0x8]t[0xf6]A[0xa0][0x9f][0x9b][0xba][0x8b]kv[0x95][0x98]T3UW[0xd9]1[0x1][0xd9][0x3]!X[0xea][0x9c][\n]"
[DEBUG] 2024-04-25 01:03:49.706 [main] wire -  << "[0xf6][0x9d][0x1e][\r]F[0x90]A^-;[0xc7]8X[0x3][0x10][0x4]+,[0xf5][0xa3]H[\r]a[0x13]([0xcd]V4][0xbb]0jH[0x81][0xad]0G[0xc7][0xd3];([0x84][0xdb][0xb5][0x2]l[0xbe][0xb]i][0xc2][0x98][0x85][0x5][0xcd]J'[0x12]K[0xca][\r]<[0xee][0xea][0xc0][0x1f][0x97][0x8b][0xaf][0xf][0xf3][0xbb]7o[0xe1]~bF[0xd7][0x8b][0xdf][0xaf][0x94][0x3][0xd0]|[0xe1][0xd4][0xc]![0x1d][0x19][0xc2][0xca][0xca][0xc1].[0xb0][0xf1]Kf[0x99])pFI[0x11][0x8d][0xcc][0xff][0x9c][0x9f]i[0x94][0xfd][0xd6][0xf0][0x99][0xaf]4[0xb4][0x92][0xbf]}[0x95]j[0xa0][0x16][0xe3]@q[0x96][0xef][0xf4][0xae]?[0x18][0xf5][0xc3][0xf0]>[0x1c][0xc7]a[0x18]G[0xc3][0xbf][0x10][0xad][0xaa][0x84][0xa3][0xad][0xff][0x9d]5[0xe][0xdd][0xac]V[0xe5][0xe3]O[0x9f][0xdd][0x6]tByW[0xfc]`j[0xd7]wE[0xf8];SGa[0xdb][0xf5]]l"[0xb3]5[0xee][0xfe][0xc5][0xb][0xef][0xcf][0x82][0xda]_[0x8c][0xf7][0xa6][0xa0]"[0x87][0xec]o[0xd1][0xf3].[0xaa]Ry[0x18]n[0x92]K[0x99]s [0xa9]^++[0x89]e[0xe2]k[0xec][0xbe][0xbc][0xa5][0x96][0xa5][0x17][0x92]0"[0x3][0xcf]J7[0x1a][0xe2](Y{[0xbf]f[0xa0]@d[0x14][0xc5][0xd4]c[0xc2]{:[0x9d][0x9f];[0x84]T[0xc5]9*[0xfa]l[0xe0][0xac]W[\n]"
[DEBUG] 2024-04-25 01:03:49.706 [main] wire -  << "[0xf5]<[0x3][0x7]N[0xb1][0xb]4[0xe5][0x9e][0x91][0x82][0xba][0x2]k[0xc]s[0xc8][0xb1][0xa2]=iLm[0xf2]F[0x16]4[0xc1]/[0x6]?c2[0xdc]n[0x18]{[0x98]PE[0xd3][0x2]HI[0xb1][0xff][0x88][0xe2][0x15][0x1e]s&[0xae][0x9f][0xfa]FV:[0x85]~[0xf3][0xb2]qdH[0xdc][0xb6][0xd1]O7[0x8]O[0xb0][0xff][0xe1][0xd6][0x19]&[0x9f][0xee][0x6][0x89][0x14],[0xa7]:e4~[0x80]$[0xc3]v[0x6]]RAs[0xd0][0x8d][0x17]c2m[0xbc][0x18][0x93][0xd9]I[0xb2][0x10][0xed][0xd5]@[0xc9]R-[0x8d]\Zb[0xbe]a'k4[0x1f][0x97][0x6][0xc7][0xfd]/Y[0x92][0xb6][0xa5][0x10][0x91][0x9][0x9][0xc9][0x17][\r]aX[0x17]D[0xe4]|j[0x9e][0xfb][0xd8][0x80]+[0x6][0xf]'[0x8][0xcf]h/W[0x16][0x8c][0x15]y[0xdc][0xfc]4~L[0xc9]y[0x13][0x8a])[0x9][0x7]'[0xc9][0xc8]t7#[0xdf]Pn,%[0xd8][0xe4][0x95][0x86][0xb8][0xf9][0xe9]'[0xd8][\n]"
[DEBUG] 2024-04-25 01:03:49.706 [main] wire -  << "u?[0xe0][0xd5]i[0xd2]X[0xc7][0x91]K[0xc9][0xf1][0xfd]0q[0xd6][0xaf][0xd8]?[0xde]Gf*[0xca]?R[0xce][0xb2][0xe6][0xb0][0xf2][0x98]1[0x15][0x9c][0xa0][0xfe][0xcf][0x9d][0x89]][0xc1]=[0x9e]y[0x8e]=[0xe5]>[0xbd][0xde][0x15][0xf6]u+,xe[0xec][0xf5][0xe2][0x1f]V[0x4]T[0x1f]E5[0xec][0xa8][0xd6] "[0x4][0xb]|[0xef][0x82]Z[0xa2]>[0xd4]w[0x82]TV[0x2][0xc5]<z[0xfc][0x17][0x13][0xa2]n*[0x18][0xc][0x0][0x0]"
[DEBUG] 2024-04-25 01:03:49.706 [main] RestAssuredHttpBuilder - Parsed data to instance of: class org.apache.http.conn.EofSensorInputStream
[DEBUG] 2024-04-25 01:03:49.785 [main] BasicClientConnectionManager - Releasing connection org.apache.http.impl.conn.ManagedClientConnectionImpl@16269ff4
[DEBUG] 2024-04-25 01:03:49.785 [main] BasicClientConnectionManager - Connection can be kept alive indefinitely
[DEBUG] 2024-04-25 01:03:50.036 [Finalizer] DefaultClientConnection - Connection 0.0.0.0:65333<->140.82.121.5:443 closed
[WARN ] 2024-04-25 01:03:50.256 [main] ReportManager - ‚ö†Ô∏è You're using an outdated engine version "7.4.20231211" ‚ö†Ô∏è
Kindly upgrade to the latest one "8.2.20240411" to ensure the best experience.
For more information click here: https://github.com/ShaftHQ/SHAFT_ENGINE/releases/latest .
[INFO ] 2024-04-25 01:03:50.256 [main] ReportManager - File Action "GetAbsolutePath" successfully performed. With the following test data "Relative File Path: "target/engine_check"".
[INFO ] 2024-04-25 01:03:50.256 [main] ReportManager - File Action "WriteToFile" successfully performed. With the following test data "Target File Path: "C:\Users\Express\IdeaProjects\AutomationExercise17\target\engine_check"".
[INFO ] 2024-04-25 01:03:51.105 [main] ReportManager - Loaded OpenCV "opencv_java481".
[INFO ] 2024-04-25 01:03:51.108 [main] ReportManager - Initializing Allure Reporting Environment...
[INFO ] 2024-04-25 01:03:51.208 [main] ReportManager - Initializing Extent Reporting Environment...
[INFO ] 2024-04-25 01:03:51.477 [main] ReportManager - Initializing Summary Reporting Environment...
[INFO ] 2024-04-25 01:03:51.486 [main] ReportManager - TestNG run detected...
[INFO ] 2024-04-25 01:03:51.578 [main] ReportManager - File Action "DoesFileExist" successfully performed. With the following test data "File Path: "src/test/resources/testDataFiles/SignInTestData.json"".
[INFO ] 2024-04-25 01:03:51.578 [main] ReportManager - File Action "DoesFileExist" successfully performed. With the following test data "File Path: "src/test/resources/testDataFiles/SignInTestData.json"".
[INFO ] 2024-04-25 01:03:51.578 [main] ReportManager - File Action "GetAbsolutePath" successfully performed. With the following test data "Relative Folder Path: "src/test/resources/testDataFiles/SignInTestData.json"".
[ERROR] 2024-04-25 01:03:51.593 [main] AllureLifecycle - Could not start step: no test case running
[ERROR] 2024-04-25 01:03:51.609 [main] AllureLifecycle - Could not add attachment: no test is running
[INFO ] 2024-04-25 01:03:51.609 [main] ReportManager - Successfully created attachment 'Test Data - JSON'
[ERROR] 2024-04-25 01:03:51.609 [main] AllureLifecycle - Could not update step: no step running
[ERROR] 2024-04-25 01:03:51.609 [main] AllureLifecycle - Could not stop step: no step running
[INFO ] 2024-04-25 01:03:51.671 [main] Utils - [TestNG] Running:
  C:\Users\Express\AppData\Local\JetBrains\IdeaIC2024.1\temp-testng-customsuite.xml

[INFO ] 2024-04-25 01:03:51.689 [main] ReportManager - 
[0;7m------------------------------------------------------------------------------------------------------------------------------------------------
                                             Starting execution of suite setup configuration method                                             
                                          'com.shaft.listeners.internal.ConfigurationHelper.suiteSetup'                                          
------------------------------------------------------------------------------------------------------------------------------------------------
[0m
[INFO ] 2024-04-25 01:03:51.750 [main] ReportManager - Initializing Important Links...
[INFO ] 2024-04-25 01:03:51.750 [main] ReportManager - Initializing Properties...
[INFO ] 2024-04-25 01:03:51.865 [main] ReportManager - 
[0;7m------------------------------------------------------------------------------------------------------------------------------------------------
                                            Starting execution of before method configuration method                                            
                                                      'GuiTests.LoginUserTest.beforeMethod'                                                      
------------------------------------------------------------------------------------------------------------------------------------------------
[0m
[INFO ] 2024-04-25 01:03:51.881 [main] ReportManager - Setting "targetOperatingSystem" property with "windows".
[INFO ] 2024-04-25 01:03:51.881 [main] ReportManager - Capabilities {acceptInsecureCerts: true, browserName: chrome, goog:chromeOptions: {args: [--start-maximized, --remote-allow-origins=*, --enable-automation, --disable-background-timer-..., --disable-backgrounding-occ..., --disable-features=Calculat..., --disable-hang-monitor, --disable-domain-reliability, --disable-renderer-backgrou..., --disable-features=Autofill..., --metrics-recording-only, --no-first-run, --no-default-browser-check, --silent-debugger-extension..., --disable-extensions, --disable-component-extensi..., --disable-dev-shm-usage, --disable-features=MediaRouter, --disable-features=Translate, --disable-ipc-flooding-prot..., --disable-background-networ..., --mute-audio, --disable-breakpad, --ignore-certificate-errors, --disable-device-discovery-..., --force-color-profile=srgb, --hide-scrollbars, --host-resolver-rules, --no-pings, --disable-features=AvoidUnn..., --disable-features=Certific..., --disable-sync, --disable-features=Optimiza..., --disable-features=DialMedi..., --disable-features=GlobalMe..., --disable-features=Improved..., --disable-features=LazyFram..., --disable-field-trial-config, --enable-features=NetworkSe..., --enable-features=NetworkSe..., --enable-use-zoom-for-dsf, --log-net-log, --net-log-capture-mode, --disable-client-side-phish..., --disable-default-apps, --disable-features=Interest...], extensions: [], prefs: {download.default_directory: C:\Users\Express\IdeaProjec..., download.prompt_for_download: false, profile.default_content_settings.popups: 0}}, pageLoadStrategy: none, timeouts: {pageLoad: 30000, script: 30000}, unhandledPromptBehavior: ignore, webSocketUrl: true}
[INFO ] 2024-04-25 01:03:51.881 [main] ReportManager - Attempting to run locally on: "windows | Chrome".
[INFO ] 2024-04-25 01:03:51.881 [main] ReportManager - Identifying OS/Driver combination. Please note that if a new browser/driver executable will be downloaded it may take some time depending on your connection...
[WARN ] 2024-04-25 01:03:53.451 [main] ReportManager - Apr 25, 2024 1:03:53 AM org.openqa.selenium.devtools.CdpVersionFinder findNearestMatch
[WARN ] 2024-04-25 01:03:53.451 [main] ReportManager - WARNING: Unable to find an exact match for CDP version 124, returning the closest version; found: 120; Please update to a Selenium version that supports CDP version 124
[INFO ] 2024-04-25 01:03:53.460 [main] ReportManager - Successfully Opened: "windows | Chrome".
[INFO ] 2024-04-25 01:03:53.541 [main] ReportManager - 
[0;7m------------------------------------------------------------------------------------------------------------------------------------------------
                                        Starting Execution: '1 out of 1' test cases in the current suite                                        
                                Test Method: 'GuiTests.LoginUserTest.Login_User_with_correct_email_and_password'                                
                                         Test Description: 'Login User with correct email and password'                                         
------------------------------------------------------------------------------------------------------------------------------------------------
[0m
[INFO ] 2024-04-25 01:03:53.552 [main] ReportManager - Target URL: "https://www.automationexercise.com/"
[INFO ] 2024-04-25 01:03:53.571 [main] ReportManager - Initial URL: "about:blank"
[INFO ] 2024-04-25 01:04:25.225 [main] ReportManager - Navigate to url "https://www.automationexercise.com/".
[INFO ] 2024-04-25 01:04:25.431 [main] ReportManager - Moved the mouse to the middle of the element.
[INFO ] 2024-04-25 01:04:25.465 [main] ReportManager - Click "ÔÄ£ Signup / Login".
[INFO ] 2024-04-25 01:04:25.467 [main] ReportManager - File Action "DoesFileExist" successfully performed. With the following test data "File Path: "src/test/resources/testDataFiles/SignInTestData.json"".
[INFO ] 2024-04-25 01:04:25.468 [main] ReportManager - File Action "GetAbsolutePath" successfully performed. With the following test data "Relative Folder Path: "src/test/resources/testDataFiles/SignInTestData.json"".
[INFO ] 2024-04-25 01:04:25.484 [main] ReportManager - File Action "DoesFileExist" successfully performed. With the following test data "File Path: "src/test/resources/testDataFiles/SignInTestData.json"".
[INFO ] 2024-04-25 01:04:25.485 [main] ReportManager - File Action "GetAbsolutePath" successfully performed. With the following test data "Relative Folder Path: "src/test/resources/testDataFiles/SignInTestData.json"".
[INFO ] 2024-04-25 01:04:32.507 [main] ReportManager - text cleared Using Native Clear
[INFO ] 2024-04-25 01:04:32.638 [main] ReportManager - Type "Test1422@gmail.com" into "Email Address".
[INFO ] 2024-04-25 01:04:32.748 [main] ReportManager - text cleared Using Native Clear
[INFO ] 2024-04-25 01:04:32.874 [main] ReportManager - Type "P@$$w0rd" into "Password".
[INFO ] 2024-04-25 01:04:38.049 [main] ReportManager - Moved the mouse to the middle of the element.
[INFO ] 2024-04-25 01:04:38.066 [main] ReportManager - Click "Login".
[INFO ] 2024-04-25 01:05:38.100 [main] ReportManager - Expected condition failed: waiting for com.shaft.gui.element.internal.ElementActionsHelper$$Lambda$1203/0x00000008017f1630@132e0e20 (tried for 60 second(s) with 100 milliseconds interval) || no such element: Unable to locate element: {"method":"xpath","selector":"//b[contains(.,'Ahmed')]"}
[INFO ] 2024-04-25 01:05:38.100 [main] ReportManager - Failed to Get text from "By.xpath: //b[contains(.,'Ahmed')]".
[INFO ] 2024-04-25 01:05:41.757 [main] ReportManager - Assertion "ValidateElementAttribute" FAILED. Expected "Value Should be 'Ahmed' for the 'text' attribute, element locator 'By.xpath: //b[contains(.,'Ahmed')]'" and Actual "Failed to read the desired element attribute". Comparison Type "CONTAINS". Validation Type "POSITIVE".
[INFO ] 2024-04-25 01:05:41.774 [main] ReportManager - Successfully created attachment 'Screenshot - 1713999941237_Login_User_with_correct_email_and_password_ValidateElementAttribute_failed'
[INFO ] 2024-04-25 01:05:41.774 [main] ReportManager - Successfully created attachment 'Validation Test Data - Failure Reason'
[INFO ] 2024-04-25 01:05:41.774 [main] ReportManager - Successfully created attachment 'Validations helper - Get  stack  trace - Exception Stacktrace'
[INFO ] 2024-04-25 01:05:41.791 [main] ReportManager - Successfully created attachment 'SHAFT Engine Logs - Current Method log: beforeMethod'
[INFO ] 2024-04-25 01:05:41.791 [main] ReportManager - Successfully created attachment 'SHAFT Engine Logs - Current Method log: Login_User_with_correct_email_and_password'
[INFO ] 2024-04-25 01:05:41.791 [main] ReportManager - 
[0;7m------------------------------------------------------------------------------------------------------------------------------------------------
                     Finished Execution of Test Method: 'GuiTests.LoginUserTest.Login_User_with_correct_email_and_password'                     
                                         Test Description: 'Login User with correct email and password'                                         
                                                              Test Status: 'Failed'                                                              
------------------------------------------------------------------------------------------------------------------------------------------------
[0m
[INFO ] 2024-04-25 01:05:41.820 [main] ReportManager - 
[0;7m------------------------------------------------------------------------------------------------------------------------------------------------
                                             Starting execution of after method configuration method                                             
                                                      'GuiTests.LoginUserTest.afterMethod'                                                      
------------------------------------------------------------------------------------------------------------------------------------------------
[0m
[INFO ] 2024-04-25 01:05:42.075 [main] ReportManager - Successfully Closed Driver.
[INFO ] 2024-04-25 01:05:42.075 [main] ReportManager - Successfully created attachment 'SHAFT Engine Logs - Current Method log: afterMethod'
[INFO ] 2024-04-25 01:05:42.075 [main] ReportManager - 
[0;7m------------------------------------------------------------------------------------------------------------------------------------------------
                                           Starting execution of engine teardown configuration method                                           
                                        'com.shaft.listeners.internal.ConfigurationHelper.engineTeardown'                                        
------------------------------------------------------------------------------------------------------------------------------------------------
[0m
[INFO ] 2024-04-25 01:05:42.075 [main] ReportManager - Successfully created attachment 'SHAFT Engine Logs - Execution log'
[INFO ] 2024-04-25 01:05:42.075 [main] ReportManager - File Action "DoesFileExist" successfully performed. With the following test data "File Path: "target/logs/log4j.log"".
[INFO ] 2024-04-25 01:05:42.075 [main] ReportManager - File Action "GetAbsolutePath" successfully performed. With the following test data "Relative Folder Path: "target/logs/log4j.log"".
